  GameManager.cpp
C:\Users\ПК\Desktop\MyGame\My Firsh Game\My Tirsh Game\GameManager.h(8,10): error C3646: s: неизвестный спецификатор переопределения
C:\Users\ПК\Desktop\MyGame\My Firsh Game\My Tirsh Game\GameManager.h(8,11): error C2143: синтаксическая ошибка: отсутствие "," перед "["
C:\Users\ПК\Desktop\MyGame\My Firsh Game\My Tirsh Game\GameManager.h(8,14): error C2238: непредвиденные лексемы перед ";"
C:\Users\ПК\Desktop\MyGame\My Firsh Game\My Tirsh Game\GameManager.h(10,18): error C2061: синтаксическая ошибка: идентификатор "Session"
C:\Users\ПК\Desktop\MyGame\My Firsh Game\My Tirsh Game\GameManager.h(11,3): error C2065: s: необъявленный идентификатор
C:\Users\ПК\Desktop\MyGame\My Firsh Game\My Tirsh Game\GameManager.h(11,5): error C2065: i: необъявленный идентификатор
C:\Users\ПК\Desktop\MyGame\My Firsh Game\My Tirsh Game\GameManager.h(11,10): error C2065: b: необъявленный идентификатор
C:\Users\ПК\Desktop\MyGame\My Firsh Game\My Tirsh Game\GameManager.h(14,3): error C2065: s: необъявленный идентификатор
C:\Users\ПК\Desktop\MyGame\My Firsh Game\My Tirsh Game\GameManager.h(18,4): error C2065: s: необъявленный идентификатор
C:\Users\ПК\Desktop\MyGame\My Firsh Game\My Tirsh Game\GameManager.h(18,21): error C2065: s: необъявленный идентификатор
  PlayerHero.cpp
C:\Users\ПК\Desktop\MyGame\My Firsh Game\My Tirsh Game\PlayerHero.h(9,14): error C3646: p: неизвестный спецификатор переопределения
C:\Users\ПК\Desktop\MyGame\My Firsh Game\My Tirsh Game\PlayerHero.h(9,15): error C4430: отсутствует спецификатор типа - предполагается int. Примечание. C++ не поддерживает int по умолчанию
C:\Users\ПК\Desktop\MyGame\My Firsh Game\My Tirsh Game\PlayerHero.h(10,12): error C3646: h: неизвестный спецификатор переопределения
C:\Users\ПК\Desktop\MyGame\My Firsh Game\My Tirsh Game\PlayerHero.h(10,13): error C4430: отсутствует спецификатор типа - предполагается int. Примечание. C++ не поддерживает int по умолчанию
C:\Users\ПК\Desktop\MyGame\My Firsh Game\My Tirsh Game\PlayerHero.h(13,26): error C2061: синтаксическая ошибка: идентификатор "ClassPlayer"
C:\Users\ПК\Desktop\MyGame\My Firsh Game\My Tirsh Game\PlayerHero.h(14,3): error C2065: p: необъявленный идентификатор
C:\Users\ПК\Desktop\MyGame\My Firsh Game\My Tirsh Game\PlayerHero.h(14,7): error C2065: a: необъявленный идентификатор
C:\Users\ПК\Desktop\MyGame\My Firsh Game\My Tirsh Game\PlayerHero.h(15,3): error C2065: h: необъявленный идентификатор
C:\Users\ПК\Desktop\MyGame\My Firsh Game\My Tirsh Game\PlayerHero.h(15,7): error C2065: b: необъявленный идентификатор
C:\Users\ПК\Desktop\MyGame\My Firsh Game\My Tirsh Game\PlayerHero.h(17,8): error C2065: b: необъявленный идентификатор
C:\Users\ПК\Desktop\MyGame\My Firsh Game\My Tirsh Game\PlayerHero.h(18,12): error C2065: b: необъявленный идентификатор
C:\Users\ПК\Desktop\MyGame\My Firsh Game\My Tirsh Game\PlayerHero.h(21,3): error C2065: p: необъявленный идентификатор
C:\Users\ПК\Desktop\MyGame\My Firsh Game\My Tirsh Game\PlayerHero.h(22,3): error C2065: h: необъявленный идентификатор
  MyFirstGame.cpp
C:\Users\ПК\Desktop\MyGame\My Firsh Game\My Tirsh Game\GameManager.h(8,10): error C3646: s: неизвестный спецификатор переопределения
C:\Users\ПК\Desktop\MyGame\My Firsh Game\My Tirsh Game\GameManager.h(8,11): error C2143: синтаксическая ошибка: отсутствие "," перед "["
C:\Users\ПК\Desktop\MyGame\My Firsh Game\My Tirsh Game\GameManager.h(8,14): error C2238: непредвиденные лексемы перед ";"
C:\Users\ПК\Desktop\MyGame\My Firsh Game\My Tirsh Game\GameManager.h(10,18): error C2061: синтаксическая ошибка: идентификатор "Session"
C:\Users\ПК\Desktop\MyGame\My Firsh Game\My Tirsh Game\GameManager.h(11,3): error C2065: s: необъявленный идентификатор
C:\Users\ПК\Desktop\MyGame\My Firsh Game\My Tirsh Game\GameManager.h(11,5): error C2065: i: необъявленный идентификатор
C:\Users\ПК\Desktop\MyGame\My Firsh Game\My Tirsh Game\GameManager.h(11,10): error C2065: b: необъявленный идентификатор
C:\Users\ПК\Desktop\MyGame\My Firsh Game\My Tirsh Game\GameManager.h(14,3): error C2065: s: необъявленный идентификатор
C:\Users\ПК\Desktop\MyGame\My Firsh Game\My Tirsh Game\GameManager.h(18,4): error C2065: s: необъявленный идентификатор
C:\Users\ПК\Desktop\MyGame\My Firsh Game\My Tirsh Game\GameManager.h(18,21): error C2065: s: необъявленный идентификатор
C:\Users\ПК\Desktop\MyGame\My Firsh Game\My Tirsh Game\Session.h(8,14): error C3646: a: неизвестный спецификатор переопределения
C:\Users\ПК\Desktop\MyGame\My Firsh Game\My Tirsh Game\Session.h(8,15): error C4430: отсутствует спецификатор типа - предполагается int. Примечание. C++ не поддерживает int по умолчанию
C:\Users\ПК\Desktop\MyGame\My Firsh Game\My Tirsh Game\Session.h(11,22): error C2061: синтаксическая ошибка: идентификатор "TeamManager"
C:\Users\ПК\Desktop\MyGame\My Firsh Game\My Tirsh Game\Session.h(12,3): error C2065: a: необъявленный идентификатор
C:\Users\ПК\Desktop\MyGame\My Firsh Game\My Tirsh Game\Session.h(12,7): error C2065: b: необъявленный идентификатор
C:\Users\ПК\Desktop\MyGame\My Firsh Game\My Tirsh Game\Session.h(17,4): error C2065: a: необъявленный идентификатор
C:\Users\ПК\Desktop\MyGame\My Firsh Game\My Tirsh Game\Session.h(18,4): error C2065: a: необъявленный идентификатор
C:\Users\ПК\Desktop\MyGame\My Firsh Game\My Tirsh Game\Session.h(22,23): error C2065: a: необъявленный идентификатор
C:\Users\ПК\Desktop\MyGame\My Firsh Game\My Tirsh Game\Session.h(23,9): error C2065: a: необъявленный идентификатор
C:\Users\ПК\Desktop\MyGame\My Firsh Game\My Tirsh Game\Session.h(26,23): error C2065: a: необъявленный идентификатор
C:\Users\ПК\Desktop\MyGame\My Firsh Game\My Tirsh Game\Session.h(27,9): error C2065: a: необъявленный идентификатор
C:\Users\ПК\Desktop\MyGame\My Firsh Game\My Tirsh Game\MyFirstGame.cpp(189,36): error C2660: Session::GetTeamManager: функция не принимает 1 аргументов
C:\Users\ПК\Desktop\MyGame\My Firsh Game\My Tirsh Game\Session.h(11,7): message : см. объявление "Session::GetTeamManager"
C:\Users\ПК\Desktop\MyGame\My Firsh Game\My Tirsh Game\MyFirstGame.cpp(191,40): error C2660: GameManager::GetSession: функция не принимает 2 аргументов
C:\Users\ПК\Desktop\MyGame\My Firsh Game\My Tirsh Game\GameManager.h(10,7): message : см. объявление "GameManager::GetSession"
  Session.cpp
C:\Users\ПК\Desktop\MyGame\My Firsh Game\My Tirsh Game\Session.h(8,14): error C3646: a: неизвестный спецификатор переопределения
C:\Users\ПК\Desktop\MyGame\My Firsh Game\My Tirsh Game\Session.h(8,15): error C4430: отсутствует спецификатор типа - предполагается int. Примечание. C++ не поддерживает int по умолчанию
C:\Users\ПК\Desktop\MyGame\My Firsh Game\My Tirsh Game\Session.h(11,22): error C2061: синтаксическая ошибка: идентификатор "TeamManager"
C:\Users\ПК\Desktop\MyGame\My Firsh Game\My Tirsh Game\Session.h(12,3): error C2065: a: необъявленный идентификатор
C:\Users\ПК\Desktop\MyGame\My Firsh Game\My Tirsh Game\Session.h(12,7): error C2065: b: необъявленный идентификатор
C:\Users\ПК\Desktop\MyGame\My Firsh Game\My Tirsh Game\Session.h(17,4): error C2065: a: необъявленный идентификатор
C:\Users\ПК\Desktop\MyGame\My Firsh Game\My Tirsh Game\Session.h(18,4): error C2065: a: необъявленный идентификатор
C:\Users\ПК\Desktop\MyGame\My Firsh Game\My Tirsh Game\Session.h(22,23): error C2065: a: необъявленный идентификатор
C:\Users\ПК\Desktop\MyGame\My Firsh Game\My Tirsh Game\Session.h(23,9): error C2065: a: необъявленный идентификатор
C:\Users\ПК\Desktop\MyGame\My Firsh Game\My Tirsh Game\Session.h(26,23): error C2065: a: необъявленный идентификатор
C:\Users\ПК\Desktop\MyGame\My Firsh Game\My Tirsh Game\Session.h(27,9): error C2065: a: необъявленный идентификатор
  TeamManager.cpp
C:\Users\ПК\Desktop\MyGame\My Firsh Game\My Tirsh Game\TeamManager.h(8,13): error C3646: a: неизвестный спецификатор переопределения
C:\Users\ПК\Desktop\MyGame\My Firsh Game\My Tirsh Game\TeamManager.h(8,14): error C2143: синтаксическая ошибка: отсутствие "," перед "["
C:\Users\ПК\Desktop\MyGame\My Firsh Game\My Tirsh Game\TeamManager.h(8,38): error C2238: непредвиденные лексемы перед ";"
C:\Users\ПК\Desktop\MyGame\My Firsh Game\My Tirsh Game\TeamManager.h(13,21): error C2061: синтаксическая ошибка: идентификатор "PlayerHero"
C:\Users\ПК\Desktop\MyGame\My Firsh Game\My Tirsh Game\TeamManager.h(14,3): error C2065: a: необъявленный идентификатор
C:\Users\ПК\Desktop\MyGame\My Firsh Game\My Tirsh Game\TeamManager.h(14,5): error C2065: i: необъявленный идентификатор
C:\Users\ПК\Desktop\MyGame\My Firsh Game\My Tirsh Game\TeamManager.h(14,10): error C2065: g: необъявленный идентификатор
C:\Users\ПК\Desktop\MyGame\My Firsh Game\My Tirsh Game\TeamManager.h(18,8): error C2065: a: необъявленный идентификатор
C:\Users\ПК\Desktop\MyGame\My Firsh Game\My Tirsh Game\TeamManager.h(18,27): error C2065: team1: необъявленный идентификатор
C:\Users\ПК\Desktop\MyGame\My Firsh Game\My Tirsh Game\TeamManager.h(18,38): error C2065: a: необъявленный идентификатор
C:\Users\ПК\Desktop\MyGame\My Firsh Game\My Tirsh Game\TeamManager.h(19,8): error C2065: a: необъявленный идентификатор
C:\Users\ПК\Desktop\MyGame\My Firsh Game\My Tirsh Game\TeamManager.h(19,27): error C2065: team1: необъявленный идентификатор
C:\Users\ПК\Desktop\MyGame\My Firsh Game\My Tirsh Game\TeamManager.h(19,38): error C2065: a: необъявленный идентификатор
C:\Users\ПК\Desktop\MyGame\My Firsh Game\My Tirsh Game\TeamManager.h(20,8): error C2065: a: необъявленный идентификатор
C:\Users\ПК\Desktop\MyGame\My Firsh Game\My Tirsh Game\TeamManager.h(20,27): error C2065: team1: необъявленный идентификатор
C:\Users\ПК\Desktop\MyGame\My Firsh Game\My Tirsh Game\TeamManager.h(20,38): error C2065: a: необъявленный идентификатор
C:\Users\ПК\Desktop\MyGame\My Firsh Game\My Tirsh Game\TeamManager.h(21,8): error C2065: a: необъявленный идентификатор
C:\Users\ПК\Desktop\MyGame\My Firsh Game\My Tirsh Game\TeamManager.h(21,27): error C2065: team1: необъявленный идентификатор
C:\Users\ПК\Desktop\MyGame\My Firsh Game\My Tirsh Game\TeamManager.h(21,38): error C2065: a: необъявленный идентификатор
C:\Users\ПК\Desktop\MyGame\My Firsh Game\My Tirsh Game\TeamManager.h(22,8): error C2065: a: необъявленный идентификатор
C:\Users\ПК\Desktop\MyGame\My Firsh Game\My Tirsh Game\TeamManager.h(22,27): error C2065: team1: необъявленный идентификатор
C:\Users\ПК\Desktop\MyGame\My Firsh Game\My Tirsh Game\TeamManager.h(22,38): error C2065: a: необъявленный идентификатор
C:\Users\ПК\Desktop\MyGame\My Firsh Game\My Tirsh Game\TeamManager.h(23,8): error C2065: a: необъявленный идентификатор
C:\Users\ПК\Desktop\MyGame\My Firsh Game\My Tirsh Game\TeamManager.h(23,27): error C2065: team2: необъявленный идентификатор
C:\Users\ПК\Desktop\MyGame\My Firsh Game\My Tirsh Game\TeamManager.h(23,38): error C2065: a: необъявленный идентификатор
C:\Users\ПК\Desktop\MyGame\My Firsh Game\My Tirsh Game\TeamManager.h(24,8): error C2065: a: необъявленный идентификатор
C:\Users\ПК\Desktop\MyGame\My Firsh Game\My Tirsh Game\TeamManager.h(24,27): error C2065: team2: необъявленный идентификатор
C:\Users\ПК\Desktop\MyGame\My Firsh Game\My Tirsh Game\TeamManager.h(24,38): error C2065: a: необъявленный идентификатор
C:\Users\ПК\Desktop\MyGame\My Firsh Game\My Tirsh Game\TeamManager.h(25,8): error C2065: a: необъявленный идентификатор
C:\Users\ПК\Desktop\MyGame\My Firsh Game\My Tirsh Game\TeamManager.h(25,27): error C2065: team2: необъявленный идентификатор
C:\Users\ПК\Desktop\MyGame\My Firsh Game\My Tirsh Game\TeamManager.h(25,38): error C2065: a: необъявленный идентификатор
C:\Users\ПК\Desktop\MyGame\My Firsh Game\My Tirsh Game\TeamManager.h(26,8): error C2065: a: необъявленный идентификатор
C:\Users\ПК\Desktop\MyGame\My Firsh Game\My Tirsh Game\TeamManager.h(26,27): error C2065: team2: необъявленный идентификатор
C:\Users\ПК\Desktop\MyGame\My Firsh Game\My Tirsh Game\TeamManager.h(26,38): error C2065: a: необъявленный идентификатор
C:\Users\ПК\Desktop\MyGame\My Firsh Game\My Tirsh Game\TeamManager.h(27,8): error C2065: a: необъявленный идентификатор
C:\Users\ПК\Desktop\MyGame\My Firsh Game\My Tirsh Game\TeamManager.h(27,28): error C2065: team2: необъявленный идентификатор
C:\Users\ПК\Desktop\MyGame\My Firsh Game\My Tirsh Game\TeamManager.h(27,39): error C2065: a: необъявленный идентификатор
C:\Users\ПК\Desktop\MyGame\My Firsh Game\My Tirsh Game\TeamManager.h(33,4): error C2065: team1: необъявленный идентификатор
C:\Users\ПК\Desktop\MyGame\My Firsh Game\My Tirsh Game\TeamManager.h(40,4): error C2065: team2: необъявленный идентификатор
C:\Users\ПК\Desktop\MyGame\My Firsh Game\My Tirsh Game\TeamManager.h(46,15): error C2065: team1: необъявленный идентификатор
C:\Users\ПК\Desktop\MyGame\My Firsh Game\My Tirsh Game\TeamManager.h(47,16): error C2065: team1: необъявленный идентификатор
C:\Users\ПК\Desktop\MyGame\My Firsh Game\My Tirsh Game\TeamManager.h(52,15): error C2065: team2: необъявленный идентификатор
C:\Users\ПК\Desktop\MyGame\My Firsh Game\My Tirsh Game\TeamManager.h(53,16): error C2065: team2: необъявленный идентификатор
  Создание кода...
